2021-03-14 17:09:29,402:DEBUG:Square Root of 225 = 15.0
2021-03-14 17:09:29,402:DEBUG:Factorial of 10 = 3628800
2021-03-14 17:09:29,402:DEBUG:Natural Log of 225 = 5.41610040220442
2021-03-14 17:09:29,403:DEBUG:3 Raised to Power -4 = 15.0
2021-03-16 14:49:13,650:DEBUG:Square Root of 225 = 15.0
2021-03-16 14:49:13,651:DEBUG:Factorial of 10 = 3628800
2021-03-16 14:49:13,651:DEBUG:Natural Log of 225 = 5.41610040220442
2021-03-16 14:49:13,651:DEBUG:3 Raised to Power -4 = 15.0
2021-03-16 15:03:17,199:DEBUG:Square Root of 225 = 15.0
2021-03-16 15:03:17,199:DEBUG:Factorial of 10 = 3628800
2021-03-16 15:03:17,199:DEBUG:Natural Log of 225 = 5.41610040220442
2021-03-16 15:03:17,199:DEBUG:3 Raised to Power -4 = 15.0
2021-03-16 15:04:31,515:DEBUG:Square Root of 225 = 15.0
2021-03-16 15:04:31,515:DEBUG:Factorial of 10 = 3628800
2021-03-16 15:04:31,515:DEBUG:Natural Log of 225 = 5.41610040220442
2021-03-16 15:04:31,515:DEBUG:3 Raised to Power -4 = 15.0
2021-03-16 15:05:30,576:DEBUG:Square Root of 225 = 15.0
2021-03-16 15:05:30,576:DEBUG:Factorial of 10 = 3628800
2021-03-16 15:05:30,576:DEBUG:Natural Log of 225 = 5.41610040220442
2021-03-16 15:05:30,576:DEBUG:3 Raised to Power -4 = 15.0
2021-03-16 16:17:11,686:DEBUG:Square Root of 225 = 15.0
2021-03-16 16:17:11,686:DEBUG:Factorial of 10 = 3628800
2021-03-16 16:17:11,686:DEBUG:Natural Log of 225 = 5.41610040220442
2021-03-16 16:17:11,686:DEBUG:3 Raised to Power -4 = 15.0
2021-03-16 16:26:46,528:DEBUG:Square Root of 225 = 15.0
2021-03-16 16:26:46,528:DEBUG:Factorial of 10 = 3628800
2021-03-16 16:26:46,528:DEBUG:Natural Log of 225 = 5.41610040220442
2021-03-16 16:26:46,528:DEBUG:3 Raised to Power -4 = 15.0
2021-03-16 19:45:52,618:DEBUG:Square Root of 225 = 15.0
2021-03-16 19:45:52,618:DEBUG:Factorial of 10 = 3628800
2021-03-16 19:45:52,618:DEBUG:Natural Log of 225 = 5.41610040220442
2021-03-16 19:45:52,618:DEBUG:3 Raised to Power -4 = 15.0
2021-03-16 19:54:41,248:DEBUG:Square Root of 225 = 15.0
2021-03-16 19:54:41,248:DEBUG:Square Root of 225 = 15.0
2021-03-16 19:54:41,248:DEBUG:Factorial of 10.0 = 3628800
2021-03-16 19:54:41,248:DEBUG:Factorial of 10 = 10.0
2021-03-16 19:54:41,248:DEBUG:Natural Log of 225 = 5.41610040220442
2021-03-16 19:54:41,248:DEBUG:Natural Log of 225 = 5.41610040220442
2021-03-16 19:54:41,248:DEBUG:225 to power of 3 = 11390625
2021-03-16 19:54:41,248:DEBUG:3 Raised to Power -4 = 15.0
2021-03-16 19:57:19,310:DEBUG:Square Root of 225 = 15.0
2021-03-16 19:57:19,310:DEBUG:Square Root of 225 = 15.0
2021-03-16 19:57:19,310:DEBUG:Factorial of 10.0 = 3628800
2021-03-16 19:57:19,310:DEBUG:Factorial of 10 = 3628800
2021-03-16 19:57:19,310:DEBUG:Natural Log of 225 = 5.41610040220442
2021-03-16 19:57:19,310:DEBUG:Natural Log of 225 = 5.41610040220442
2021-03-16 19:57:19,310:DEBUG:225 to power of 3 = 11390625
2021-03-16 19:57:19,310:DEBUG:3 Raised to Power -4 = 15.0
2021-03-16 19:57:35,230:DEBUG:Square Root of 225.0 = 15.0
2021-03-16 19:57:40,280:DEBUG:Square Root of 169.0 = 13.0
2021-03-16 19:57:47,147:DEBUG:Factorial of 4.0 = 24
2021-03-16 19:57:55,580:DEBUG:Natural Log of -2.0 = Cannot be taken as it is wither Zero or Negative number
2021-03-16 19:58:01,223:DEBUG:Natural Log of -0.0 = Cannot be taken as it is wither Zero or Negative number
2021-03-16 19:58:13,976:DEBUG:0.0 to power of 12.0 = 0.0
